Drill report for hhkb.kicad_pcb
Created on Thu 12 Jan 2023 09:29:04 PM EST

Copper Layer Stackup:
    =============================================================
    L1 :  F.Cu                      front
    L2 :  B.Cu                      back


Drill file 'hhkb-PTH.drl' contains
    plated through holes:
    =============================================================
    T1  0.400mm  0.0157"  (228 holes)
    T2  0.900mm  0.0354"  (24 holes)
    T3  1.470mm  0.0579"  (244 holes)
    T4  2.000mm  0.0787"  (120 holes)

    Total plated holes count 616


Drill file 'hhkb-NPTH.drl' contains
    unplated through holes:
    =============================================================
    T1  1.750mm  0.0689"  (122 holes)
    T2  3.048mm  0.1200"  (2 holes)
    T3  3.988mm  0.1570"  (63 holes)

    Total unplated holes count 187
